Using pre-set license
Built from '2020.2/release' branch; Version is '2020.2.0f1 (3721df5a8b28) revision 3613151'; Using compiler version '192528614'; Build Type 'Release'
OS: 'Windows 10  (10.0.0) 64bit' Language: 'ja' Physical Memory: 6073 MB
BatchMode: 1, IsHumanControllingUs: 0, StartBugReporterOnCrash: 0, Is64bit: 1, IsPro: 0

 COMMAND LINE ARGUMENTS:
C:\Users\15555\Downloads\2020.2.0f1\Editor\Unity.exe
-adb2
-batchMode
-noUpm
-name
AssetImportWorker0
-projectPath
D:/Unity/asset test
-logFile
Logs/AssetImportWorker0.log
-srvPort
58099
Successfully changed project path to: D:/Unity/asset test
D:/Unity/asset test
Using Asset Import Pipeline V2.
Refreshing native plugins compatible for Editor in 33.55 ms, found 0 plugins.
Preloading 0 native plugins for Editor in 0.00 ms.
Initialize engine version: 2020.2.0f1 (3721df5a8b28)
[Subsystems] Discovering subsystems at path C:/Users/15555/Downloads/2020.2.0f1/Editor/Data/Resources/UnitySubsystems
[Subsystems] Discovering subsystems at path D:/Unity/asset test/Assets
GfxDevice: creating device client; threaded=0
Direct3D:
    Version:  Direct3D 11.0 [level 11.1]
    Renderer: AMD Radeon(TM) RX Vega 11 Graphics (ID=0x15d8)
    Vendor:   
    VRAM:     3036 MB
    Driver:   26.20.14054.2004
Initialize mono
Mono path[0] = 'C:/Users/15555/Downloads/2020.2.0f1/Editor/Data/Managed'
Mono path[1] = 'C:/Users/15555/Downloads/2020.2.0f1/Editor/Data/MonoBleedingEdge/lib/mono/unityjit'
Mono config path = 'C:/Users/15555/Downloads/2020.2.0f1/Editor/Data/MonoBleedingEdge/etc'
Using monoOptions --debugger-agent=transport=dt_socket,embedding=1,server=y,suspend=n,address=127.0.0.1:56120
Begin MonoManager ReloadAssembly
Registering precompiled unity dll's ...
Register platform support module: C:/Users/15555/Downloads/2020.2.0f1/Editor/Data/PlaybackEngines/MacStandaloneSupport/UnityEditor.OSXStandalone.Extensions.dll
Register platform support module: C:/Users/15555/Downloads/2020.2.0f1/Editor/Data/PlaybackEngines/WindowsStandaloneSupport/UnityEditor.WindowsStandalone.Extensions.dll
Registered in 0.003727 seconds.
Native extension for WindowsStandalone target not found
Native extension for OSXStandalone target not found
Refreshing native plugins compatible for Editor in 28.72 ms, found 0 plugins.
Preloading 0 native plugins for Editor in 0.00 ms.
Invoked RoslynAnalysisRunner static constructor.
RoslynAnalysisRunner will not be running.
RoslynAnalysisRunner has terminated.
Mono: successfully reloaded assembly
- Completed reload, in  3.082 seconds
Platform modules already initialized, skipping
Registering precompiled user dll's ...
Registered in 0.000871 seconds.
Begin MonoManager ReloadAssembly
Native extension for WindowsStandalone target not found
Native extension for OSXStandalone target not found
Refreshing native plugins compatible for Editor in 0.23 ms, found 0 plugins.
Preloading 0 native plugins for Editor in 0.00 ms.
Invoked RoslynAnalysisRunner static constructor.
RoslynAnalysisRunner will not be running.
RoslynAnalysisRunner has terminated.
Mono: successfully reloaded assembly
- Completed reload, in  1.085 seconds
Platform modules already initialized, skipping
========================================================================
Worker process is ready to serve import requests
Launched and connected shader compiler UnityShaderCompiler.exe after 0.05 seconds
Refreshing native plugins compatible for Editor in 0.22 ms, found 0 plugins.
Preloading 0 native plugins for Editor in 0.00 ms.
Unloading 1106 Unused Serialized files (Serialized files now loaded: 0)
System memory in use before: 56.1 MB.
System memory in use after: 56.2 MB.

Unloading 10 unused Assets to reduce memory usage. Loaded Objects now: 1545.
Total: 2.573500 ms (FindLiveObjects: 0.202300 ms CreateObjectMapping: 0.035400 ms MarkObjects: 2.259600 ms  DeleteObjects: 0.074300 ms)

========================================================================
Received Import Request.
  path: Assets/GameScene/GameScene.unity
  artifactKey: Guid(0b18782437fc2334baebc4267ae1aa78) Importer(815301076,1909f56bfc062723c751e8b465ee728b)
Start importing Assets/GameScene/GameScene.unity using Guid(0b18782437fc2334baebc4267ae1aa78) Importer(815301076,1909f56bfc062723c751e8b465ee728b)  -> (artifact id: '72308606bba7b5011b8af691a614f977') in 0.021149 seconds
  Import took 0.028062 seconds .

========================================================================
Received Import Request.
  Time since last request: 286.685142 seconds.
  path: Assets/GameScene/Scripts
  artifactKey: Guid(3e106bab9f5a9e148adb01cf70cc1093) Importer(815301076,1909f56bfc062723c751e8b465ee728b)
Start importing Assets/GameScene/Scripts using Guid(3e106bab9f5a9e148adb01cf70cc1093) Importer(815301076,1909f56bfc062723c751e8b465ee728b)  -> (artifact id: '0290a516ae996a63c25302bf725d864e') in 0.012868 seconds
  Import took 0.016037 seconds .

========================================================================
Received Import Request.
  Time since last request: 0.006846 seconds.
  path: Assets/GameScene/Scripts
  artifactKey: Guid(3e106bab9f5a9e148adb01cf70cc1093) Importer(815301076,1909f56bfc062723c751e8b465ee728b)
Start importing Assets/GameScene/Scripts using Guid(3e106bab9f5a9e148adb01cf70cc1093) Importer(815301076,1909f56bfc062723c751e8b465ee728b)  -> (artifact id: '0290a516ae996a63c25302bf725d864e') in 0.004510 seconds
  Import took 0.007029 seconds .

========================================================================
Received Import Request.
  Time since last request: 5.366139 seconds.
  path: Assets/GameScene/Scripts/スクリプトの説明.txt
  artifactKey: Guid(676af9b2bd855034eb3189c000fd99a7) Importer(815301076,1909f56bfc062723c751e8b465ee728b)
Start importing Assets/GameScene/Scripts/スクリプトの説明.txt using Guid(676af9b2bd855034eb3189c000fd99a7) Importer(815301076,1909f56bfc062723c751e8b465ee728b)  -> (artifact id: '81ede105bf7d8003a9a997d3cac019cd') in 0.043518 seconds
  Import took 0.045626 seconds .

========================================================================
Received Import Request.
  Time since last request: 0.001566 seconds.
  path: Assets/GameScene/Scripts/スクリプトの説明.txt
  artifactKey: Guid(676af9b2bd855034eb3189c000fd99a7) Importer(815301076,1909f56bfc062723c751e8b465ee728b)
Start importing Assets/GameScene/Scripts/スクリプトの説明.txt using Guid(676af9b2bd855034eb3189c000fd99a7) Importer(815301076,1909f56bfc062723c751e8b465ee728b)  -> (artifact id: '81ede105bf7d8003a9a997d3cac019cd') in 0.004192 seconds
  Import took 0.006316 seconds .

========================================================================
Received Prepare
Registering precompiled user dll's ...
Registered in 0.002165 seconds.
Begin MonoManager ReloadAssembly
Native extension for WindowsStandalone target not found
Native extension for OSXStandalone target not found
Refreshing native plugins compatible for Editor in 1.07 ms, found 0 plugins.
Preloading 0 native plugins for Editor in 0.00 ms.
Invoked RoslynAnalysisRunner static constructor.
RoslynAnalysisRunner will not be running.
RoslynAnalysisRunner has terminated.
Mono: successfully reloaded assembly
- Completed reload, in  1.400 seconds
Platform modules already initialized, skipping
Refreshing native plugins compatible for Editor in 0.74 ms, found 0 plugins.
Preloading 0 native plugins for Editor in 0.00 ms.
Unloading 1101 Unused Serialized files (Serialized files now loaded: 0)
System memory in use before: 56.2 MB.
System memory in use after: 56.3 MB.

Unloading 5 unused Assets to reduce memory usage. Loaded Objects now: 1547.
Total: 3.755200 ms (FindLiveObjects: 0.532300 ms CreateObjectMapping: 0.068200 ms MarkObjects: 3.043300 ms  DeleteObjects: 0.107000 ms)

========================================================================
Received Import Request.
  Time since last request: 9.484910 seconds.
  path: Assets/GameScene/Scripts/PasswordCanvasController.cs
  artifactKey: Guid(144a4f5230c7c2d47b19db4f91dcb8cd) Importer(815301076,1909f56bfc062723c751e8b465ee728b)
Start importing Assets/GameScene/Scripts/PasswordCanvasController.cs using Guid(144a4f5230c7c2d47b19db4f91dcb8cd) Importer(815301076,1909f56bfc062723c751e8b465ee728b)  -> (artifact id: '83faa2145d298658dcb54ed3b8535ea4') in 0.025079 seconds
  Import took 0.028105 seconds .

========================================================================
Received Import Request.
  Time since last request: 71.479174 seconds.
  path: Assets/GameScene/Scripts/KeyCountViewer.cs
  artifactKey: Guid(79f1af1aac306c340b3e069cc8442a62) Importer(815301076,1909f56bfc062723c751e8b465ee728b)
Start importing Assets/GameScene/Scripts/KeyCountViewer.cs using Guid(79f1af1aac306c340b3e069cc8442a62) Importer(815301076,1909f56bfc062723c751e8b465ee728b)  -> (artifact id: '1af5d29d5e639b0cac4757ef42e8cd30') in 0.013953 seconds
  Import took 0.017493 seconds .

========================================================================
Received Import Request.
  Time since last request: 207.807033 seconds.
  path: Assets/GameScene/Scripts/GetKeyController.cs
  artifactKey: Guid(7b25d458afeb316429c060a05041bff3) Importer(815301076,1909f56bfc062723c751e8b465ee728b)
Start importing Assets/GameScene/Scripts/GetKeyController.cs using Guid(7b25d458afeb316429c060a05041bff3) Importer(815301076,1909f56bfc062723c751e8b465ee728b)  -> (artifact id: '2bd5164cc2d1b4f36169924d52b6461e') in 0.056800 seconds
  Import took 0.073029 seconds .

========================================================================
Received Import Request.
  Time since last request: 159.138812 seconds.
  path: Assets/GameScene/Materials/StarMaterial.mat
  artifactKey: Guid(9b8de83104377164ea0dfdb7e38383b0) Importer(815301076,1909f56bfc062723c751e8b465ee728b)
Start importing Assets/GameScene/Materials/StarMaterial.mat using Guid(9b8de83104377164ea0dfdb7e38383b0) Importer(815301076,1909f56bfc062723c751e8b465ee728b)  -> (artifact id: 'e87b6b06f6f446f9bfb8676d6dd8092d') in 0.217395 seconds
  Import took 0.220294 seconds .

========================================================================
Received Import Request.
  Time since last request: 18.983061 seconds.
  path: Assets/GameScene/Prefabs/ArtPrefab.prefab
  artifactKey: Guid(ec100e66dfcd5f34381e986393403503) Importer(815301076,1909f56bfc062723c751e8b465ee728b)
Start importing Assets/GameScene/Prefabs/ArtPrefab.prefab using Guid(ec100e66dfcd5f34381e986393403503) Importer(815301076,1909f56bfc062723c751e8b465ee728b)  -> (artifact id: 'd87a338b33e757327aca6421cdc13ff8') in 0.076869 seconds
  Import took 0.079871 seconds .

========================================================================
Received Import Request.
  Time since last request: 0.000258 seconds.
  path: Assets/GameScene/Prefabs/ChairPrefab.prefab
  artifactKey: Guid(012d41e33c483fb4bb3bdea861ee5805) Importer(815301076,1909f56bfc062723c751e8b465ee728b)
Start importing Assets/GameScene/Prefabs/ChairPrefab.prefab using Guid(012d41e33c483fb4bb3bdea861ee5805) Importer(815301076,1909f56bfc062723c751e8b465ee728b)  -> (artifact id: 'accd7c5ac6a56310d270ca5068e1c819') in 0.079180 seconds
  Import took 0.082810 seconds .

========================================================================
Received Import Request.
  Time since last request: 0.000279 seconds.
  path: Assets/GameScene/Prefabs/DoorPrefab.prefab
  artifactKey: Guid(1049e1f8562a2154eafb520565456977) Importer(815301076,1909f56bfc062723c751e8b465ee728b)
Start importing Assets/GameScene/Prefabs/DoorPrefab.prefab using Guid(1049e1f8562a2154eafb520565456977) Importer(815301076,1909f56bfc062723c751e8b465ee728b)  -> (artifact id: '475ce06aff0987b556f2b7e5e4dcdadf') in 0.075860 seconds
  Import took 0.090658 seconds .

========================================================================
Received Import Request.
  Time since last request: 0.000254 seconds.
  path: Assets/GameScene/Prefabs/TrianglePrefab.prefab
  artifactKey: Guid(2793cf38833826e4d9365d53f2a0d68a) Importer(815301076,1909f56bfc062723c751e8b465ee728b)
Start importing Assets/GameScene/Prefabs/TrianglePrefab.prefab using Guid(2793cf38833826e4d9365d53f2a0d68a) Importer(815301076,1909f56bfc062723c751e8b465ee728b)  -> (artifact id: '9ff8955f69edb5b99c5bc96fcd0a66be') in 0.021718 seconds
  Import took 0.025068 seconds .

========================================================================
Received Import Request.
  Time since last request: 0.000277 seconds.
  path: Assets/GameScene/Prefabs/BoardPrefab.prefab
  artifactKey: Guid(afb08737a468d3c4892544b4973d44e6) Importer(815301076,1909f56bfc062723c751e8b465ee728b)
Start importing Assets/GameScene/Prefabs/BoardPrefab.prefab using Guid(afb08737a468d3c4892544b4973d44e6) Importer(815301076,1909f56bfc062723c751e8b465ee728b)  -> (artifact id: 'caf32445213321b4fbe51c8a599defa0') in 0.024880 seconds
  Import took 0.027633 seconds .

========================================================================
Received Import Request.
  Time since last request: 0.000260 seconds.
  path: Assets/GameScene/Prefabs/CushionPrefab.prefab
  artifactKey: Guid(ce1b7b3bcfbdbca4f8f54756e4901678) Importer(815301076,1909f56bfc062723c751e8b465ee728b)
Start importing Assets/GameScene/Prefabs/CushionPrefab.prefab using Guid(ce1b7b3bcfbdbca4f8f54756e4901678) Importer(815301076,1909f56bfc062723c751e8b465ee728b)  -> (artifact id: '7e450597bd66f099d9b6a51b486a4985') in 0.024078 seconds
  Import took 0.027075 seconds .

========================================================================
Received Import Request.
  Time since last request: 0.000296 seconds.
  path: Assets/GameScene/Prefabs/KeyPrefab.prefab
  artifactKey: Guid(41ec0e9f2f36a9945a1547074e8c1c52) Importer(815301076,1909f56bfc062723c751e8b465ee728b)
Start importing Assets/GameScene/Prefabs/KeyPrefab.prefab using Guid(41ec0e9f2f36a9945a1547074e8c1c52) Importer(815301076,1909f56bfc062723c751e8b465ee728b)  -> (artifact id: 'd5e2071df042a47d68dc9486d7910912') in 0.027792 seconds
  Import took 0.038122 seconds .

========================================================================
Received Import Request.
  Time since last request: 0.000262 seconds.
  path: Assets/GameScene/Prefabs/PCPrefab.prefab
  artifactKey: Guid(d0997c3070c71d840bbd7c249ff23edd) Importer(815301076,1909f56bfc062723c751e8b465ee728b)
Start importing Assets/GameScene/Prefabs/PCPrefab.prefab using Guid(d0997c3070c71d840bbd7c249ff23edd) Importer(815301076,1909f56bfc062723c751e8b465ee728b)  -> (artifact id: 'c8c2cd286daa5b9d3add54c5458690c0') in 0.037556 seconds
  Import took 0.040475 seconds .

========================================================================
Received Import Request.
  Time since last request: 0.000265 seconds.
  path: Assets/GameScene/Prefabs/BallPrefab2.prefab
  artifactKey: Guid(90ed15b01464d5145af4674b869461c7) Importer(815301076,1909f56bfc062723c751e8b465ee728b)
Start importing Assets/GameScene/Prefabs/BallPrefab2.prefab using Guid(90ed15b01464d5145af4674b869461c7) Importer(815301076,1909f56bfc062723c751e8b465ee728b)  -> (artifact id: '3c1b5de3eb1a5fe85eff7d3b0d211174') in 0.026527 seconds
  Import took 0.030130 seconds .

========================================================================
Received Import Request.
  Time since last request: 0.000343 seconds.
  path: Assets/GameScene/Prefabs/BoxPrefab.prefab
  artifactKey: Guid(4a5b3ba4e8a87b442ba7e1340cbffd1b) Importer(815301076,1909f56bfc062723c751e8b465ee728b)
Start importing Assets/GameScene/Prefabs/BoxPrefab.prefab using Guid(4a5b3ba4e8a87b442ba7e1340cbffd1b) Importer(815301076,1909f56bfc062723c751e8b465ee728b)  -> (artifact id: '1f75b4e4a6e9676a94905fac1714201d') in 0.033796 seconds
  Import took 0.037154 seconds .

========================================================================
Received Import Request.
  Time since last request: 0.000313 seconds.
  path: Assets/GameScene/Prefabs/BallPrefab1.prefab
  artifactKey: Guid(80de48098a04431468a7c50abf39ad25) Importer(815301076,1909f56bfc062723c751e8b465ee728b)
Start importing Assets/GameScene/Prefabs/BallPrefab1.prefab using Guid(80de48098a04431468a7c50abf39ad25) Importer(815301076,1909f56bfc062723c751e8b465ee728b)  -> (artifact id: '623203f3b6be07215ee8bc4af35ad9b3') in 0.032074 seconds
  Import took 0.036330 seconds .

========================================================================
Received Import Request.
  Time since last request: 0.000344 seconds.
  path: Assets/GameScene/Prefabs/BookPrefab.prefab
  artifactKey: Guid(1c415e1b1b801664cb932184e91cf32e) Importer(815301076,1909f56bfc062723c751e8b465ee728b)
Start importing Assets/GameScene/Prefabs/BookPrefab.prefab using Guid(1c415e1b1b801664cb932184e91cf32e) Importer(815301076,1909f56bfc062723c751e8b465ee728b)  -> (artifact id: 'aaf219800c7be37cad5122dee554ec8b') in 0.026541 seconds
  Import took 0.030775 seconds .

========================================================================
Received Import Request.
  Time since last request: 0.000346 seconds.
  path: Assets/GameScene/Prefabs/SecurityBoxPrefab.prefab
  artifactKey: Guid(1c6752d3c6e60f94a9221dd5b7f45e07) Importer(815301076,1909f56bfc062723c751e8b465ee728b)
Start importing Assets/GameScene/Prefabs/SecurityBoxPrefab.prefab using Guid(1c6752d3c6e60f94a9221dd5b7f45e07) Importer(815301076,1909f56bfc062723c751e8b465ee728b)  -> (artifact id: '3bb3bb90a5e59b05e0e18a37d2f9a6a1') in 0.067329 seconds
  Import took 0.071624 seconds .

========================================================================
Received Import Request.
  Time since last request: 0.000346 seconds.
  path: Assets/GameScene/Prefabs/LampPrefab.prefab
  artifactKey: Guid(efedeb39424d4c14e80f7cfc4aa75db4) Importer(815301076,1909f56bfc062723c751e8b465ee728b)
Start importing Assets/GameScene/Prefabs/LampPrefab.prefab using Guid(efedeb39424d4c14e80f7cfc4aa75db4) Importer(815301076,1909f56bfc062723c751e8b465ee728b)  -> (artifact id: '7f5b1ab7d3fc28b7f0ceb1659303e227') in 0.184629 seconds
  Import took 0.187429 seconds .

========================================================================
Received Import Request.
  Time since last request: 0.000264 seconds.
  path: Assets/GameScene/Prefabs/GenerateButtonPrefab.prefab
  artifactKey: Guid(3b6311c88ab6cff4d9c5856687b93306) Importer(815301076,1909f56bfc062723c751e8b465ee728b)
Start importing Assets/GameScene/Prefabs/GenerateButtonPrefab.prefab using Guid(3b6311c88ab6cff4d9c5856687b93306) Importer(815301076,1909f56bfc062723c751e8b465ee728b)  -> (artifact id: 'ca0bbed6ab35ee8661ca3b3fa28b237d') in 0.032153 seconds
  Import took 0.034757 seconds .

========================================================================
Received Import Request.
  Time since last request: 0.000414 seconds.
  path: Assets/GameScene/Prefabs/ClosetPrefab.prefab
  artifactKey: Guid(b15582882d8143e4698a8f0932a425fd) Importer(815301076,1909f56bfc062723c751e8b465ee728b)
Start importing Assets/GameScene/Prefabs/ClosetPrefab.prefab using Guid(b15582882d8143e4698a8f0932a425fd) Importer(815301076,1909f56bfc062723c751e8b465ee728b)  -> (artifact id: '3f906b8475bfccb78007f48b04c7a57e') in 0.051507 seconds
  Import took 0.055142 seconds .

========================================================================
Received Import Request.
  Time since last request: 0.000369 seconds.
  path: Assets/GameScene/Prefabs/DeskPrefab.prefab
  artifactKey: Guid(e17b4289caf7072459fd1a3913195eef) Importer(815301076,1909f56bfc062723c751e8b465ee728b)
Start importing Assets/GameScene/Prefabs/DeskPrefab.prefab using Guid(e17b4289caf7072459fd1a3913195eef) Importer(815301076,1909f56bfc062723c751e8b465ee728b)  -> (artifact id: '7adf3dd9f58cd0f89affc97d91f1e923') in 0.026639 seconds
  Import took 0.031112 seconds .

========================================================================
Received Import Request.
  Time since last request: 0.000294 seconds.
  path: Assets/GameScene/Prefabs/SofaPrefab.prefab
  artifactKey: Guid(05c77298473214abab8f935295118773) Importer(815301076,1909f56bfc062723c751e8b465ee728b)
Start importing Assets/GameScene/Prefabs/SofaPrefab.prefab using Guid(05c77298473214abab8f935295118773) Importer(815301076,1909f56bfc062723c751e8b465ee728b)  -> (artifact id: '82f1f98ba10c2b99f73edf519ebda4f7') in 0.032736 seconds
  Import took 0.035836 seconds .

========================================================================
Received Import Request.
  Time since last request: 0.000265 seconds.
  path: Assets/GameScene/Prefabs/ShelfPrefab.prefab
  artifactKey: Guid(4f24619fda6716a4596e957a49b13902) Importer(815301076,1909f56bfc062723c751e8b465ee728b)
Start importing Assets/GameScene/Prefabs/ShelfPrefab.prefab using Guid(4f24619fda6716a4596e957a49b13902) Importer(815301076,1909f56bfc062723c751e8b465ee728b)  -> (artifact id: 'a58f8275822deddd66dc7fc403cab985') in 0.056705 seconds
  Import took 0.059847 seconds .

========================================================================
Received Import Request.
  Time since last request: 0.000296 seconds.
  path: Assets/GameScene/Prefabs/WallPrefab.prefab
  artifactKey: Guid(f5b9a42ff9413c742aa5e31338fb8e0d) Importer(815301076,1909f56bfc062723c751e8b465ee728b)
Start importing Assets/GameScene/Prefabs/WallPrefab.prefab using Guid(f5b9a42ff9413c742aa5e31338fb8e0d) Importer(815301076,1909f56bfc062723c751e8b465ee728b)  -> (artifact id: 'b621f0d5f3df7f9634774bd66fa60de9') in 0.030145 seconds
  Import took 0.033697 seconds .

========================================================================
Received Import Request.
  Time since last request: 0.000444 seconds.
  path: Assets/GameScene/Prefabs/TrashBoxPrefab.prefab
  artifactKey: Guid(697b49fb1b9838e4bb436e3ac4ced27e) Importer(815301076,1909f56bfc062723c751e8b465ee728b)
Start importing Assets/GameScene/Prefabs/TrashBoxPrefab.prefab using Guid(697b49fb1b9838e4bb436e3ac4ced27e) Importer(815301076,1909f56bfc062723c751e8b465ee728b)  -> (artifact id: '0a2cd38f8653c5aff6d9b67b7d785510') in 0.030126 seconds
  Import took 0.033717 seconds .

========================================================================
Received Prepare
Registering precompiled user dll's ...
Registered in 0.001565 seconds.
Begin MonoManager ReloadAssembly
Native extension for WindowsStandalone target not found
Native extension for OSXStandalone target not found
Refreshing native plugins compatible for Editor in 0.54 ms, found 0 plugins.
Preloading 0 native plugins for Editor in 0.00 ms.
Invoked RoslynAnalysisRunner static constructor.
RoslynAnalysisRunner will not be running.
RoslynAnalysisRunner has terminated.
Mono: successfully reloaded assembly
- Completed reload, in  1.491 seconds
Platform modules already initialized, skipping
Refreshing native plugins compatible for Editor in 0.67 ms, found 0 plugins.
Preloading 0 native plugins for Editor in 0.00 ms.
Unloading 1101 Unused Serialized files (Serialized files now loaded: 0)
System memory in use before: 60.3 MB.
System memory in use after: 60.4 MB.

Unloading 8 unused Assets to reduce memory usage. Loaded Objects now: 1597.
Total: 3.808300 ms (FindLiveObjects: 0.419500 ms CreateObjectMapping: 0.061000 ms MarkObjects: 3.199200 ms  DeleteObjects: 0.125700 ms)

